[0mGET / [32m200[0m 5.084 ms - 52[0m
[0mGET /restore [32m200[0m 1.542 ms - 50[0m
[0mGET /chats [33m404[0m 4.407 ms - 45[0m
[0mHEAD / [32m200[0m 0.745 ms - 52[0m
[0mGET /chats [33m404[0m 36.218 ms - 45[0m
[0mGET / [32m200[0m 2.120 ms - 52[0m
[0mGET /chats [33m403[0m 4.709 ms - 51[0m
[0mGET / [32m200[0m 1.808 ms - 52[0m
[0mGET /chats [33m403[0m 0.555 ms - 51[0m
[0mGET /init [32m200[0m 19.217 ms - 97[0m
[0mGET /qrcode?key=3b0fdf25-456e-48cb-9003-edd76f84466c [32m200[0m 15.769 ms - 4858[0m
[0mGET /qrcode?key=3b0fdf25-456e-48cb-9003-edd76f84466c [32m200[0m 1.680 ms - 4858[0m
[0mGET /instance?key=3b0fdf25-456e-48cb-9003-edd76f84466c [32m200[0m 1.067 ms - 446[0m
[0mGET /chats [33m403[0m 3.963 ms - 51[0m
[0mGET /instance?key=3b0fdf25-456e-48cb-9003-edd76f84466c [33m403[0m 0.807 ms - 47[0m
[0mGET /chats [33m403[0m 2.633 ms - 51[0m
[0mGET / [32m200[0m 1.431 ms - 52[0m
[0mGET /init [32m200[0m 23.233 ms - 97[0m
[0mGET /qrcode?key=37b97708-989d-4981-814e-f2e03a28694f [32m200[0m 6.727 ms - 4914[0m
[0mGET /qrcode?key=37b97708-989d-4981-814e-f2e03a28694f [32m200[0m 1.472 ms - 4914[0m
[0mGET /chats [33m403[0m 4.147 ms - 51[0m
[0mGET /chats [33m403[0m 1.314 ms - 51[0m
[0mGET /chats [33m403[0m 0.596 ms - 51[0m
[0mGET /chats [33m403[0m 0.515 ms - 51[0m
[0mGET /chats [33m403[0m 0.507 ms - 51[0m
[0mGET /restore [32m200[0m 28.442 ms - 50[0m
[0mGET /instance?key=3b0fdf25-456e-48cb-9003-edd76f84466c [33m403[0m 3.060 ms - 47[0m
[0mGET /instance?key=3b0fdf25-456e-48cb-9003-edd76f84466c [33m403[0m 0.724 ms - 47[0m
[0mGET /restore [32m200[0m 26.217 ms - 50[0m
[0mGET /instance?key=3b0fdf25-456e-48cb-9003-edd76f84466c [33m403[0m 3.705 ms - 47[0m
[0mGET /instance?key=3b0fdf25-456e-48cb-9003-edd76f84466c [33m403[0m 0.528 ms - 47[0m
[0mGET /restore [32m200[0m 5.178 ms - 50[0m
[0mGET /instance?key=3b0fdf25-456e-48cb-9003-edd76f84466c [33m403[0m 0.369 ms - 47[0m
[0mGET / [32m200[0m 1.289 ms - 52[0m
[0mGET /init [32m200[0m 3.948 ms - 97[0m
[0mGET /qrcode?key=8457d249-e40a-4405-a0f8-d6f80332c64b [33m403[0m 3.444 ms - 47[0m
[0mGET /init [32m200[0m 26.151 ms - 97[0m
[0mGET /qrcode?key=97d585d7-bf08-4ef5-a1bc-2835959207dc [32m200[0m 6.454 ms - 4846[0m
[0mHEAD / [32m200[0m 1.418 ms - 52[0m
[0mGET /instance?key=97d585d7-bf08-4ef5-a1bc-2835959207dc [32m200[0m 1.153 ms - 446[0m
[0mGET /restore [32m200[0m 37.586 ms - 50[0m
[0mGET /instance?key=97d585d7-bf08-4ef5-a1bc-2835959207dc [32m200[0m 4.340 ms - 446[0m
[0mGET /restore [32m200[0m 19.589 ms - 50[0m
[0mGET /instance?key=97d585d7-bf08-4ef5-a1bc-2835959207dc [32m200[0m 0.890 ms - 446[0m
[0mGET /getAllContacts?key=97d585d7-bf08-4ef5-a1bc-2835959207dc [33m404[0m 3.742 ms - 45[0m
[0mGET / [32m200[0m 2.457 ms - 52[0m
[0mGET /restore [32m200[0m 23.371 ms - 50[0m
[0mGET /instance?key=97d585d7-bf08-4ef5-a1bc-2835959207dc [32m200[0m 1.096 ms - 446[0m
[0mHEAD / [32m200[0m 1.604 ms - 52[0m
[0mGET /getAllContacts?key=97d585d7-bf08-4ef5-a1bc-2835959207dc [32m201[0m 2.266 ms - 7598[0m
[0mHEAD / [32m200[0m 1.294 ms - 52[0m
[0mGET /init [32m200[0m 13.653 ms - 97[0m
[0mHEAD / [32m200[0m 0.950 ms - 52[0m
[0mGET /qrcode?key=ab884660-f303-42f3-b617-592c36fc6560 [32m200[0m 9.692 ms - 4942[0m
[0mHEAD / [32m200[0m 0.900 ms - 52[0m
[0mGET /getMessage?key=3b0fdf25-456e-48cb-9003-edd76f84466c [33m403[0m 4.141 ms - 47[0m
[0mGET /restore [32m200[0m 31.322 ms - 50[0m
[0mGET /getMessage?key=3b0fdf25-456e-48cb-9003-edd76f84466c [33m403[0m 1.164 ms - 47[0m
[0mGET /instance?key=97d585d7-bf08-4ef5-a1bc-2835959207dc [32m200[0m 1.829 ms - 446[0m
[0mGET / [32m200[0m 1.089 ms - 52[0m
[0mGET /restore [32m200[0m 23.002 ms - 50[0m
[0mGET /restore [32m200[0m 20.374 ms - 50[0m
[0mGET /getMessage?key=97d585d7-bf08-4ef5-a1bc-2835959207dc [33m401[0m 1.090 ms - 51[0m
[0mGET /restore [32m200[0m 27.341 ms - 50[0m
[0mGET / [32m200[0m 1.757 ms - 52[0m
[0mGET /restore [32m200[0m 25.220 ms - 50[0m
[0mGET / [32m200[0m 4.254 ms - 52[0m
[0mGET /getMessage?key=97d585d7-bf08-4ef5-a1bc-2835959207dc [33m403[0m 1.780 ms - 47[0m
[0mGET /restore [32m200[0m 19.085 ms - 50[0m
[0mGET /restore [32m200[0m 61.657 ms - 50[0m
[0mGET /restore [32m200[0m 24.744 ms - 50[0m
[0mGET /getMessage?key=97d585d7-bf08-4ef5-a1bc-2835959207dc [33m401[0m 1.876 ms - 51[0m
[0mGET /restore [32m200[0m 72.400 ms - 50[0m
[0mGET /getMessage?key=97d585d7-bf08-4ef5-a1bc-2835959207dc [33m401[0m 2.138 ms - 51[0m
[0mGET /restore [32m200[0m 21.704 ms - 50[0m
[0mGET /restore [32m200[0m 21.685 ms - 50[0m
[0mGET /restore [32m200[0m 30.284 ms - 50[0m
[0mGET /restore [32m200[0m 30.437 ms - 50[0m
[0mGET /getAllContacts?key=97d585d7-bf08-4ef5-a1bc-2835959207dc [32m201[0m 2.188 ms - 7598[0m
[0mGET /restore [32m200[0m 33.139 ms - 50[0m
[0mGET /restore [32m200[0m 27.804 ms - 50[0m
[0mGET /getMessage?key=97d585d7-bf08-4ef5-a1bc-2835959207dc [33m401[0m 1.740 ms - 51[0m
[0mGET / [32m200[0m 4.888 ms - 52[0m
[0mGET /restore [32m200[0m 23.590 ms - 50[0m
[0mGET /restore [32m200[0m 3.059 ms - 50[0m
[0mGET /getMessage?key=97d585d7-bf08-4ef5-a1bc-2835959207dc [33m401[0m 1.316 ms - 51[0m
[0mGET /getMessage?key=97d585d7-bf08-4ef5-a1bc-2835959207dc [33m401[0m 0.688 ms - 51[0m
[0mGET /restore [32m200[0m 25.194 ms - 50[0m
[0mGET /restore [32m200[0m 24.716 ms - 50[0m
[0mGET /instance?key=97d585d7-bf08-4ef5-a1bc-2835959207dc [33m403[0m 4.074 ms - 47[0m
[0mGET /instance?key=97d585d7-bf08-4ef5-a1bc-2835959207dc [33m403[0m 0.593 ms - 47[0m
[0mGET /instance?key=97d585d7-bf08-4ef5-a1bc-2835959207dc [33m403[0m 0.441 ms - 47[0m
[0mGET /init [32m200[0m 26.076 ms - 97[0m
[0mGET / [32m200[0m 1.154 ms - 52[0m
[0mGET /qrcode?key=631e270b-88db-4671-9683-d81a76c0192e [32m200[0m 11.308 ms - 4918[0m
[0mGET /restore [32m200[0m 26.930 ms - 50[0m
[0mGET /init [32m200[0m 20.308 ms - 97[0m
[0mGET /qrcode?key=9bb6cbe9-dfa9-4636-a7c4-1df4da49aad7 [32m200[0m 5.493 ms - 4918[0m
[0mGET /instance?key=9bb6cbe9-dfa9-4636-a7c4-1df4da49aad7 [32m200[0m 1.845 ms - 446[0m
[0mGET / [32m200[0m 1.750 ms - 52[0m
[0mHEAD / [32m200[0m 4.311 ms - 52[0m
[0mGET /restore [32m200[0m 24.152 ms - 50[0m
[0mGET /getMessage?key=9bb6cbe9-dfa9-4636-a7c4-1df4da49aad7 [33m401[0m 9.173 ms - 51[0m
[0mGET /instance?key=9bb6cbe9-dfa9-4636-a7c4-1df4da49aad7 [33m403[0m 6.687 ms - 47[0m
[0mGET /instance?key=9bb6cbe9-dfa9-4636-a7c4-1df4da49aad7 [33m403[0m 0.673 ms - 47[0m
[0mGET /restore [32m200[0m 28.983 ms - 50[0m
[0mGET /init [32m200[0m 22.315 ms - 97[0m
[0mGET /qrcode?key=771abb65-1cf6-4a41-a8bd-fee93eaa8207 [32m200[0m 6.772 ms - 4922[0m
[0mGET /getMessage?key=771abb65-1cf6-4a41-a8bd-fee93eaa8207 [32m201[0m 12.779 ms - 10356[0m
[0mHEAD / [32m200[0m 2.367 ms - 52[0m
[0mHEAD / [32m200[0m 2.295 ms - 52[0m
[0mGET / [32m200[0m 4.467 ms - 52[0m
[0mGET /restore [32m200[0m 24.099 ms - 50[0m
[0mGET /instance?key=9bb6cbe9-dfa9-4636-a7c4-1df4da49aad7 [33m403[0m 0.586 ms - 47[0m
[0mGET /instance?key=771abb65-1cf6-4a41-a8bd-fee93eaa8207 [32m200[0m 1.056 ms - 446[0m
[0mGET /getMessage?key=771abb65-1cf6-4a41-a8bd-fee93eaa8207 [32m201[0m 100.122 ms - 10356[0m
[0mGET /getAllContacts?key=97d585d7-bf08-4ef5-a1bc-2835959207dc [33m403[0m 0.451 ms - 47[0m
[0mGET /getAllContacts?key=771abb65-1cf6-4a41-a8bd-fee93eaa8207 [32m201[0m 0.887 ms - 7598[0m
[0mHEAD / [32m200[0m 1.330 ms - 52[0m
[0mHEAD / [32m200[0m 0.854 ms - 52[0m
[0mHEAD / [32m200[0m 3.479 ms - 52[0m
[0mHEAD / [32m200[0m 7.821 ms - 52[0m
[0mGET /getAllMessages?key=771abb65-1cf6-4a41-a8bd-fee93eaa8207 [33m404[0m 2.044 ms - 45[0m
[0mGET /restore [32m200[0m 30.529 ms - 50[0m
[0mGET /getAllMessages?key=771abb65-1cf6-4a41-a8bd-fee93eaa8207 [32m201[0m 34.426 ms - 88803[0m
[0mHEAD / [32m200[0m 1.529 ms - 52[0m
[0mHEAD / [32m200[0m 2.686 ms - 52[0m
[0mGET /getMessage?key=771abb65-1cf6-4a41-a8bd-fee93eaa8207 [33m404[0m 30.646 ms - 76[0m
[0mGET /getMessage?key=771abb65-1cf6-4a41-a8bd-fee93eaa8207 [32m201[0m 48.527 ms - 10356[0m
[0mHEAD / [32m200[0m 0.906 ms - 52[0m
[0mHEAD / [32m200[0m 0.976 ms - 52[0m
[0mHEAD / [32m200[0m 1.699 ms - 52[0m
[0mHEAD / [32m200[0m 1.078 ms - 52[0m
[0mGET /restore [32m200[0m 27.724 ms - 50[0m
[0mGET / [32m200[0m 3.286 ms - 52[0m
[0mGET /restore [32m200[0m 22.790 ms - 50[0m
[0mGET /restore [32m200[0m 25.106 ms - 50[0m
[0mGET /restore [32m200[0m 25.352 ms - 50[0m
[0mGET /restore [32m200[0m 28.073 ms - 50[0m
[0mGET /restore [32m200[0m 28.195 ms - 50[0m
[0mGET /loadAllUnreadMessages?key=771abb65-1cf6-4a41-a8bd-fee93eaa8207 [33m401[0m 1.595 ms - 51[0m
[0mGET /restore [32m200[0m 30.020 ms - 50[0m
[0mGET / [32m200[0m 2.166 ms - 52[0m
[0mGET /loadAllUnreadMessages?key=771abb65-1cf6-4a41-a8bd-fee93eaa8207 [32m201[0m 5243.242 ms - 25[0m
[0mGET /loadAllUnreadMessages?key=771abb65-1cf6-4a41-a8bd-fee93eaa8207 [32m201[0m 3243.598 ms - 25[0m
[0mGET /loadAllUnreadMessages?key=771abb65-1cf6-4a41-a8bd-fee93eaa8207 [32m201[0m 3139.021 ms - 25[0m
[0mHEAD / [32m200[0m 1.184 ms - 52[0m
[0mGET /restore [32m200[0m 27.253 ms - 50[0m
[0mHEAD / [32m200[0m 2.364 ms - 52[0m
[0mGET /loadAllUnreadMessages?key=771abb65-1cf6-4a41-a8bd-fee93eaa8207 [32m201[0m 6973.731 ms - 25[0m
[0mHEAD / [32m200[0m 2.035 ms - 52[0m
[0mGET /restore [32m200[0m 24.190 ms - 50[0m
[0mGET /restore [32m200[0m 24.651 ms - 50[0m
[0mGET /restore [32m200[0m 22.252 ms - 50[0m
[0mGET /loadAllUnreadMessages?key=771abb65-1cf6-4a41-a8bd-fee93eaa8207 [33m401[0m 1.925 ms - 51[0m
[0mGET /restore [32m200[0m 22.039 ms - 50[0m
[0mGET /restore [32m200[0m 23.314 ms - 50[0m
[0mGET /getAllContacts?key=771abb65-1cf6-4a41-a8bd-fee93eaa8207 [32m201[0m 2.003 ms - 7598[0m
[0mGET /getAllMessages?key=771abb65-1cf6-4a41-a8bd-fee93eaa8207 [32m201[0m 1.871 ms - 7598[0m
[0mGET /group?key=17a9f5cf-6257-4010-b055-174157c6e919&id=555591441492-1588522560 [33m403[0m 0.494 ms - 47[0m
[0mGET / [32m200[0m 1.239 ms - 52[0m
[0mGET /getAllMessages?key={{SESSION_KEY}} [33m403[0m 0.614 ms - 47[0m
[0mGET /getAllMessages?key=771abb65-1cf6-4a41-a8bd-fee93eaa8207 [32m201[0m 0.658 ms - 7598[0m
[0mHEAD / [32m200[0m 1.572 ms - 52[0m
[0mHEAD / [32m200[0m 1.225 ms - 52[0m
[0mGET /allGroup?key=771abb65-1cf6-4a41-a8bd-fee93eaa8207 [32m201[0m 3.132 ms - 1825[0m
[0mGET /instance?key=771abb65-1cf6-4a41-a8bd-fee93eaa8207 [32m200[0m 2.275 ms - 446[0m
[0mHEAD / [32m200[0m 0.575 ms - 52[0m
[0mGET /restore [32m200[0m 37.536 ms - 50[0m
[0mGET /instance?key=771abb65-1cf6-4a41-a8bd-fee93eaa8207 [33m401[0m 0.903 ms - 51[0m
[0mGET /instance?key=771abb65-1cf6-4a41-a8bd-fee93eaa8207 [32m200[0m 10.240 ms - 446[0m
[0mGET /getAllContacts?key=771abb65-1cf6-4a41-a8bd-fee93eaa8207 [32m201[0m 14.755 ms - 7598[0m
[0mGET / [32m200[0m 4.778 ms - 52[0m
[0mGET /restore [32m200[0m 56.288 ms - 50[0m
[0mGET /instance?key=c5a8a644-5364-4e64-b0e9-0304a120372c [33m403[0m 0.832 ms - 47[0m
[0mGET /instance?key=771abb65-1cf6-4a41-a8bd-fee93eaa8207 [32m200[0m 0.950 ms - 446[0m
[0mPOST /sendText?key=771abb65-1cf6-4a41-a8bd-fee93eaa8207 [32m201[0m 2310.029 ms - 222[0m
[0mHEAD / [32m200[0m 1.020 ms - 52[0m
[0mPOST /sendText?key=771abb65-1cf6-4a41-a8bd-fee93eaa8207 [32m201[0m 21507.897 ms - 17638[0m
[0mPOST /sendText?key=771abb65-1cf6-4a41-a8bd-fee93eaa8207 [32m201[0m 1849.707 ms - 17638[0m
[0mPOST /sendText?key=771abb65-1cf6-4a41-a8bd-fee93eaa8207 [32m201[0m 2953.272 ms - 465[0m
[0mPOST /sendText?key=771abb65-1cf6-4a41-a8bd-fee93eaa8207 [32m201[0m 1914.994 ms - 251[0m
[0mHEAD / [32m200[0m 0.707 ms - 52[0m
[0mPOST /sendText?key=771abb65-1cf6-4a41-a8bd-fee93eaa8207 [32m201[0m 5170.238 ms - 17638[0m
[0mPOST /sendButton?key=771abb65-1cf6-4a41-a8bd-fee93eaa8207 [32m201[0m 485.749 ms - 367[0m
[0mPOST /sendButton?key=771abb65-1cf6-4a41-a8bd-fee93eaa8207 [32m201[0m 495.048 ms - 367[0m
[0mPOST /sendImage?key=771abb65-1cf6-4a41-a8bd-fee93eaa8207&id=5531995360492&caption=Teste%20caption [32m201[0m 5944.152 ms - 530[0m
[0mPOST /sendImage?key=771abb65-1cf6-4a41-a8bd-fee93eaa8207&id=5531995360492&caption=Teste%20caption [32m201[0m 3034.290 ms - 530[0m
[0mPOST /sendImage?key=771abb65-1cf6-4a41-a8bd-fee93eaa8207&id=553195360492&caption=Teste%20caption [32m201[0m 778.173 ms - 529[0m
[0mHEAD / [32m200[0m 0.919 ms - 52[0m
[0mPOST /sendDocument?key=771abb65-1cf6-4a41-a8bd-fee93eaa8207&id=553195360492 [32m201[0m 2291.049 ms - 530[0m
[0mGET /instance?key=771abb65-1cf6-4a41-a8bd-fee93eaa8207 [32m200[0m 1.090 ms - 446[0m
[0mHEAD / [32m200[0m 1.477 ms - 52[0m
[0mHEAD / [32m200[0m 1.218 ms - 52[0m
[0mHEAD / [32m200[0m 1.067 ms - 52[0m
[0mGET /getAllMessages?key=771abb65-1cf6-4a41-a8bd-fee93eaa8207 [32m201[0m 42.389 ms - 345317[0m
[0mGET /getAllContacts?key=771abb65-1cf6-4a41-a8bd-fee93eaa8207 [32m201[0m 1.265 ms - 7703[0m
[0mGET /allGroup?key=771abb65-1cf6-4a41-a8bd-fee93eaa8207 [32m201[0m 1.558 ms - 1825[0m
[0mGET /group?key=771abb65-1cf6-4a41-a8bd-fee93eaa8207&id=555591441492-1588522560 [32m201[0m 93.291 ms - 12255[0m
[0mGET /allGroup?key=771abb65-1cf6-4a41-a8bd-fee93eaa8207 [32m201[0m 1.287 ms - 14078[0m
[0mHEAD / [32m200[0m 0.726 ms - 52[0m
[0mGET /restore [32m200[0m 23.828 ms - 50[0m
[0mGET /getAllContacts?key=771abb65-1cf6-4a41-a8bd-fee93eaa8207 [32m201[0m 1.862 ms - 7199[0m
[0mGET /getAllMessages?key=771abb65-1cf6-4a41-a8bd-fee93eaa8207&id=3195360492 [33m403[0m 3.415 ms - 47[0m
[0mGET /getAllMessages?key=771abb65-1cf6-4a41-a8bd-fee93eaa8207&id=3195360492 [33m403[0m 1.762 ms - 47[0m
[0mHEAD / [32m200[0m 1.305 ms - 52[0m
[0mGET /getAllMessages?key=771abb65-1cf6-4a41-a8bd-fee93eaa8207&id=3195360492 [33m403[0m 0.957 ms - 47[0m
[0mGET /getAllMessages?key=771abb65-1cf6-4a41-a8bd-fee93eaa8207&id=3195360492 [33m403[0m 0.576 ms - 47[0m
[0mGET /getAllMessages?key=771abb65-1cf6-4a41-a8bd-fee93eaa8207&id=3195360492 [33m403[0m 0.900 ms - 47[0m
[0mGET /getAllMessages?key=771abb65-1cf6-4a41-a8bd-fee93eaa8207&id=3195360492 [33m403[0m 0.715 ms - 47[0m
[0mGET /getAllContacts?key=771abb65-1cf6-4a41-a8bd-fee93eaa8207 [33m403[0m 2.494 ms - 47[0m
[0mGET /restore [32m200[0m 36.911 ms - 50[0m
[0mHEAD / [32m200[0m 1.518 ms - 52[0m
[0mGET /group?key=771abb65-1cf6-4a41-a8bd-fee93eaa8207&id=555591441492-1588522560 [32m201[0m 82.737 ms - 9940[0m
[0mGET /getAllMessages?key=771abb65-1cf6-4a41-a8bd-fee93eaa8207&id=3195360492 [32m201[0m 92.787 ms - 342971[0m
[0mGET /getAllContacts?key=771abb65-1cf6-4a41-a8bd-fee93eaa8207 [32m201[0m 1.167 ms - 17244[0m
[0mHEAD / [32m200[0m 0.606 ms - 52[0m
[0mGET /allGroup?key=771abb65-1cf6-4a41-a8bd-fee93eaa8207 [32m201[0m 2.372 ms - 11601[0m
[0mHEAD / [32m200[0m 0.708 ms - 52[0m
[0mHEAD / [32m200[0m 1.425 ms - 52[0m
[0mGET /instance?key=771abb65-1cf6-4a41-a8bd-fee93eaa8207 [33m403[0m 3.807 ms - 47[0m
[0mGET /instance?key=771abb65-1cf6-4a41-a8bd-fee93eaa8207 [33m403[0m 0.857 ms - 47[0m
[0mGET /instance?key=771abb65-1cf6-4a41-a8bd-fee93eaa8207 [33m403[0m 0.428 ms - 47[0m
[0mGET /instance?key=771abb65-1cf6-4a41-a8bd-fee93eaa8207 [33m403[0m 0.478 ms - 47[0m
[0mGET /instance?key=771abb65-1cf6-4a41-a8bd-fee93eaa8207 [33m403[0m 1.015 ms - 47[0m
[0mGET /restore [32m200[0m 28.816 ms - 50[0m
[0mGET /instance?key=771abb65-1cf6-4a41-a8bd-fee93eaa8207 [32m200[0m 1.585 ms - 446[0m
[0mPOST /sendButton?key=771abb65-1cf6-4a41-a8bd-fee93eaa8207 [32m201[0m 11452.283 ms - 523[0m
[0mHEAD / [32m200[0m 1.748 ms - 52[0m
[0mPOST /sendButton?key=771abb65-1cf6-4a41-a8bd-fee93eaa8207 [32m201[0m 2378.419 ms - 606[0m
[0mPOST /sendButton?key=771abb65-1cf6-4a41-a8bd-fee93eaa8207 [32m201[0m 645.814 ms - 691[0m
[0mPOST /sendButton?key=771abb65-1cf6-4a41-a8bd-fee93eaa8207 [32m201[0m 657.671 ms - 776[0m
[0mPOST /sendButton?key=771abb65-1cf6-4a41-a8bd-fee93eaa8207 [0m-[0m - ms - -[0m
[0mHEAD / [32m200[0m 1.312 ms - 52[0m
[0mPOST /sendButton?key=771abb65-1cf6-4a41-a8bd-fee93eaa8207 [0m-[0m - ms - -[0m
[0mPOST /sendButton?key=771abb65-1cf6-4a41-a8bd-fee93eaa8207 [0m-[0m - ms - -[0m
[0mPOST /sendButton?key=771abb65-1cf6-4a41-a8bd-fee93eaa8207 [32m201[0m 642.707 ms - 778[0m
[0mPOST /sendButton?key=771abb65-1cf6-4a41-a8bd-fee93eaa8207 [32m201[0m 643.355 ms - 863[0m
[0mHEAD / [32m200[0m 0.916 ms - 52[0m
[0mPOST /sendButton?key=771abb65-1cf6-4a41-a8bd-fee93eaa8207 [32m201[0m 12490.058 ms - 908[0m
[0mHEAD / [32m200[0m 1.301 ms - 52[0m
[0mHEAD / [32m200[0m 1.147 ms - 52[0m
[0mHEAD / [32m200[0m 1.050 ms - 52[0m
